[0516/003554.645:ERROR:os_crypt_win.cc(93)] Failed to decrypt: Key not valid for use in specified state. (0x8009000B)
[0516/003602.140:ERROR:backend_impl.cc(1041)] Critical error found -8
[0516/003603.541:WARNING:storage_block-inl.h(146)] Failed data load.
[0516/003603.541:WARNING:storage_block-inl.h(146)] Failed data load.
[0516/003603.541:WARNING:storage_block-inl.h(146)] Failed data load.
[0516/003603.541:WARNING:storage_block-inl.h(146)] Failed data load.
[0516/003603.541:ERROR:entry_impl.cc(998)] Failed to save user data
[0516/003603.541:ERROR:entry_impl.cc(998)] Failed to save user data
[0516/003613.168:WARNING:value_store_frontend.cc(45)] Reading mhjfbmdgcfjbbpaeojofohoefgiehjai.alarms from  failed: IO error: .../MANIFEST-000001: Unable to create sequential file (ChromeMethodBFE: 7::NewSequentialFile::1)
[0516/003615.494:WARNING:spdy_session.cc(3431)] Received HEADERS for invalid stream 3
[0516/003615.540:WARNING:spdy_session.cc(3431)] Received HEADERS for invalid stream 11
[0516/003615.540:WARNING:spdy_session.cc(3431)] Received HEADERS for invalid stream 13
[0516/003615.540:WARNING:spdy_session.cc(3431)] Received HEADERS for invalid stream 7
[0516/003615.540:WARNING:spdy_session.cc(3431)] Received HEADERS for invalid stream 9
[0516/003615.740:WARNING:spdy_session.cc(3431)] Received HEADERS for invalid stream 29
[0516/003615.740:WARNING:spdy_session.cc(3431)] Received HEADERS for invalid stream 33
[0516/003615.741:WARNING:spdy_session.cc(3431)] Received HEADERS for invalid stream 35
[0516/003615.741:WARNING:spdy_session.cc(3431)] Received HEADERS for invalid stream 37
[0516/003615.767:WARNING:spdy_session.cc(3431)] Received HEADERS for invalid stream 39
[0516/003615.771:WARNING:spdy_session.cc(3431)] Received HEADERS for invalid stream 41
[0516/003615.773:WARNING:spdy_session.cc(3431)] Received HEADERS for invalid stream 31
[0516/003754.761:ERROR:gpu_init.cc(426)] Passthrough is not supported, GL is disabled
